2022-02-09T12:34:02,293 Using pip 21.3.1 from /home/ntl/git/health-patterns/services/nlp-insights/build/venv/lib/python3.9/site-packages/pip (python 3.9)
2022-02-09T12:34:02,294 Non-user install because user site-packages disabled
2022-02-09T12:34:02,341 Created temporary directory: /tmp/pip-ephem-wheel-cache-u270uitu
2022-02-09T12:34:02,342 Created temporary directory: /tmp/pip-req-tracker-4e3eqmib
2022-02-09T12:34:02,342 Initialized build tracking at /tmp/pip-req-tracker-4e3eqmib
2022-02-09T12:34:02,342 Created build tracker: /tmp/pip-req-tracker-4e3eqmib
2022-02-09T12:34:02,342 Entered build tracker: /tmp/pip-req-tracker-4e3eqmib
2022-02-09T12:34:02,342 Created temporary directory: /tmp/pip-install-5masrwwn
2022-02-09T12:34:02,358 Processing ./dist/nlp_insights-0.0.4-py3-none-any.whl
2022-02-09T12:34:02,361   Added nlp-insights==0.0.4 from file:///home/ntl/git/health-patterns/services/nlp-insights/build/dist/nlp_insights-0.0.4-py3-none-any.whl to build tracker '/tmp/pip-req-tracker-4e3eqmib'
2022-02-09T12:34:02,361   Removed nlp-insights==0.0.4 from file:///home/ntl/git/health-patterns/services/nlp-insights/build/dist/nlp_insights-0.0.4-py3-none-any.whl from build tracker '/tmp/pip-req-tracker-4e3eqmib'
2022-02-09T12:34:02,365 Created temporary directory: /tmp/pip-unpack-zwjjr_1p
2022-02-09T12:34:02,365 Installing collected packages: nlp-insights

2022-02-09T12:34:02,432 Successfully installed nlp-insights-0.0.4
2022-02-09T12:34:02,435 WARNING: You are using pip version 21.3.1; however, version 22.0.3 is available.
2022-02-09T12:34:02,435 You should consider upgrading via the '/home/ntl/git/health-patterns/services/nlp-insights/build/venv/bin/python3 -m pip install --upgrade pip' command.
2022-02-09T12:34:02,435 Removed build tracker: '/tmp/pip-req-tracker-4e3eqmib'
2022-02-16T10:30:48,746 Using pip 21.3.1 from /home/ntl/git/nlp-insights/build/venv/lib/python3.9/site-packages/pip (python 3.9)
2022-02-16T10:30:48,746 Non-user install because user site-packages disabled
2022-02-16T10:30:48,794 Created temporary directory: /tmp/pip-ephem-wheel-cache-p27bgz4d
2022-02-16T10:30:48,794 Created temporary directory: /tmp/pip-req-tracker-3o0l2hba
2022-02-16T10:30:48,794 Initialized build tracking at /tmp/pip-req-tracker-3o0l2hba
2022-02-16T10:30:48,794 Created build tracker: /tmp/pip-req-tracker-3o0l2hba
2022-02-16T10:30:48,794 Entered build tracker: /tmp/pip-req-tracker-3o0l2hba
2022-02-16T10:30:48,794 Created temporary directory: /tmp/pip-install-g5exs3dj
2022-02-16T10:30:48,826 Processing ./dist/nlp_insights-0.0.4-py3-none-any.whl
2022-02-16T10:30:48,830   Added nlp-insights==0.0.4 from file:///home/ntl/git/nlp-insights/build/dist/nlp_insights-0.0.4-py3-none-any.whl to build tracker '/tmp/pip-req-tracker-3o0l2hba'
2022-02-16T10:30:48,830   Removed nlp-insights==0.0.4 from file:///home/ntl/git/nlp-insights/build/dist/nlp_insights-0.0.4-py3-none-any.whl from build tracker '/tmp/pip-req-tracker-3o0l2hba'
2022-02-16T10:30:48,833 Created temporary directory: /tmp/pip-unpack-o7ivrfen
2022-02-16T10:30:48,834 Installing collected packages: nlp-insights
2022-02-16T10:30:48,834   Attempting uninstall: nlp-insights
2022-02-16T10:30:48,834     Found existing installation: nlp-insights 0.0.4
2022-02-16T10:30:48,866     Uninstalling nlp-insights-0.0.4:
2022-02-16T10:30:48,868       Created temporary directory: /home/ntl/git/nlp-insights/build/venv/lib/python3.9/site-packages/~lp_insights-0.0.4.dist-info
2022-02-16T10:30:48,869       Removing file or directory /home/ntl/git/nlp-insights/build/venv/lib/python3.9/site-packages/nlp_insights-0.0.4.dist-info/
2022-02-16T10:30:48,869       Created temporary directory: /home/ntl/git/nlp-insights/build/venv/lib/python3.9/site-packages/~lp_insights
2022-02-16T10:30:48,869       Removing file or directory /home/ntl/git/nlp-insights/build/venv/lib/python3.9/site-packages/nlp_insights/
2022-02-16T10:30:48,869       Successfully uninstalled nlp-insights-0.0.4

2022-02-16T10:30:48,953 Successfully installed nlp-insights-0.0.4
2022-02-16T10:30:48,956 WARNING: You are using pip version 21.3.1; however, version 22.0.3 is available.
2022-02-16T10:30:48,956 You should consider upgrading via the '/home/ntl/git/nlp-insights/build/venv/bin/python3 -m pip install --upgrade pip' command.
2022-02-16T10:30:48,956 Removed build tracker: '/tmp/pip-req-tracker-3o0l2hba'
